{"/Users/lijicheng/jd/jdm-lerna/packages/package-b/lib/index.js": {"path":"/Users/lijicheng/jd/jdm-lerna/packages/package-b/lib/index.js","statementMap":{"0":{"start":{"line":3,"column":0},"end":{"line":3,"column":26}},"1":{"start":{"line":7,"column":4},"end":{"line":7,"column":12}}},"fnMap":{"0":{"name":"packageB","decl":{"start":{"line":5,"column":9},"end":{"line":5,"column":17}},"loc":{"start":{"line":5,"column":20},"end":{"line":8,"column":1}},"line":5}},"branchMap":{},"s":{"0":0,"1":0},"f":{"0":0},"b":{}}
}
